<?xml version="1.0" encoding="UTF-8"?>
<robot generator="Robot 5.0 (Python 3.10.2 on win32)" generated="20220418 11:42:30.948" rpa="false" schemaversion="3">
<suite id="s1" name="App" source="C:\Users\sherl\PycharmProjects\Wrap Up Robot Framework\Tests\Wrap\FunctionalTestSuite\app.robot">
<test id="s1-t1" name="1.Admin Test" line="7">
<kw name="Open Browser" library="SeleniumLibrary">
<arg>${web_url}</arg>
<arg>chrome</arg>
<doc>Opens a new browser instance to the optional ``url``.</doc>
<msg timestamp="20220418 11:42:31.993" level="INFO">Opening browser 'chrome' to base url 'http://127.0.0.1:5000/'.</msg>
<status status="PASS" starttime="20220418 11:42:31.992" endtime="20220418 11:42:37.542"/>
</kw>
<kw name="Sleep" library="BuiltIn">
<arg>1s</arg>
<doc>Pauses the test executed for the given time.</doc>
<msg timestamp="20220418 11:42:38.571" level="INFO">Slept 1 second</msg>
<status status="PASS" starttime="20220418 11:42:37.558" endtime="20220418 11:42:38.575"/>
</kw>
<kw name="Click Element" library="SeleniumLibrary">
<arg>xpath=//html/body/header/div[1]/button/a</arg>
<doc>Click the element identified by ``locator``.</doc>
<msg timestamp="20220418 11:42:38.582" level="INFO">Clicking element 'xpath=//html/body/header/div[1]/button/a'.</msg>
<status status="PASS" starttime="20220418 11:42:38.578" endtime="20220418 11:42:40.582"/>
</kw>
<kw name="Sleep" library="BuiltIn">
<arg>1s</arg>
<doc>Pauses the test executed for the given time.</doc>
<msg timestamp="20220418 11:42:41.597" level="INFO">Slept 1 second</msg>
<status status="PASS" starttime="20220418 11:42:40.584" endtime="20220418 11:42:41.597"/>
</kw>
<kw name="1st Username">
<kw name="Input Text" library="SeleniumLibrary">
<arg>name:username</arg>
<arg>wrappers</arg>
<doc>Types the given ``text`` into the text field identified by ``locator``.</doc>
<msg timestamp="20220418 11:42:41.600" level="INFO">Typing text 'wrappers' into text field 'name:username'.</msg>
<status status="PASS" starttime="20220418 11:42:41.599" endtime="20220418 11:42:41.780"/>
</kw>
<status status="PASS" starttime="20220418 11:42:41.598" endtime="20220418 11:42:41.780"/>
</kw>
<kw name="Sleep" library="BuiltIn">
<arg>1s</arg>
<doc>Pauses the test executed for the given time.</doc>
<msg timestamp="20220418 11:42:42.784" level="INFO">Slept 1 second</msg>
<status status="PASS" starttime="20220418 11:42:41.781" endtime="20220418 11:42:42.784"/>
</kw>
<kw name="1st Password">
<kw name="Input Text" library="SeleniumLibrary">
<arg>name:pass</arg>
<arg>82200</arg>
<doc>Types the given ``text`` into the text field identified by ``locator``.</doc>
<msg timestamp="20220418 11:42:42.785" level="INFO">Typing text '82200' into text field 'name:pass'.</msg>
<status status="PASS" starttime="20220418 11:42:42.784" endtime="20220418 11:42:42.896"/>
</kw>
<status status="PASS" starttime="20220418 11:42:42.784" endtime="20220418 11:42:42.896"/>
</kw>
<kw name="Sleep" library="BuiltIn">
<arg>1s</arg>
<doc>Pauses the test executed for the given time.</doc>
<msg timestamp="20220418 11:42:43.912" level="INFO">Slept 1 second</msg>
<status status="PASS" starttime="20220418 11:42:42.897" endtime="20220418 11:42:43.912"/>
</kw>
<kw name="Click Button" library="SeleniumLibrary">
<arg>xpath=//html/body/div/div/div/form/table/tbody/tr[3]/td[2]/button</arg>
<doc>Clicks the button identified by ``locator``.</doc>
<msg timestamp="20220418 11:42:43.913" level="INFO">Clicking button 'xpath=//html/body/div/div/div/form/table/tbody/tr[3]/td[2]/button'.</msg>
<status status="PASS" starttime="20220418 11:42:43.913" endtime="20220418 11:42:44.173"/>
</kw>
<kw name="Sleep" library="BuiltIn">
<arg>2s</arg>
<doc>Pauses the test executed for the given time.</doc>
<msg timestamp="20220418 11:42:46.191" level="INFO">Slept 2 seconds</msg>
<status status="PASS" starttime="20220418 11:42:44.174" endtime="20220418 11:42:46.193"/>
</kw>
<kw name="Close Browser" library="SeleniumLibrary">
<doc>Closes the current browser.</doc>
<status status="PASS" starttime="20220418 11:42:46.196" endtime="20220418 11:42:50.156"/>
</kw>
<doc>This test is used for Admin Login Test</doc>
<tag>Admin</tag>
<status status="PASS" starttime="20220418 11:42:31.989" endtime="20220418 11:42:50.157"/>
</test>
<status status="PASS" starttime="20220418 11:42:30.957" endtime="20220418 11:42:50.159"/>
</suite>
<statistics>
<total>
<stat pass="1" fail="0" skip="0">All Tests</stat>
</total>
<tag>
<stat pass="1" fail="0" skip="0">Admin</stat>
</tag>
<suite>
<stat pass="1" fail="0" skip="0" id="s1" name="App">App</stat>
</suite>
</statistics>
<errors>
</errors>
</robot>
